<?xml version="1.0" encoding="UTF-8"?>
<!-- Generated by org.testng.reporters.JUnitXMLReporter -->
<testsuite ignored="0" hostname="AEPL-ASSET-195" failures="0" tests="3" name="Default test" time="14.379" errors="0" timestamp="2025-03-12T15:44:19 IST">
  <testcase classname="com.aepl.sam.tests.ProductionDevicePageTest" name="TestNavBarLink" time="2.639"/>
  <testcase classname="com.aepl.sam.tests.ProductionDevicePageTest" name="TestClickAddProdDevice" time="2.222"/>
  <testcase classname="com.aepl.sam.tests.ProductionDevicePageTest" name="TestAddProdDevice" time="4.603"/>
</testsuite> <!-- Default test -->
